2021-05-26 20:32:35,197 : DEBUG --> ExÈcution du programme reussie !
2021-05-26 20:33:29,380 : DEBUG --> ExÈcution du programme reussie !
2021-05-28 00:47:34,173 : DEBUG --> ExÈcution du programme reussie !
2021-05-28 00:47:34,254 : ERROR --> Erreur lors de la recuperation des donnÈes: no such table: pass_data
2021-05-28 00:50:53,968 : DEBUG --> ExÈcution du programme reussie !
2021-05-28 00:50:53,995 : ERROR --> Erreur lors de la recuperation des donnÈes: no such table: pass_data
2021-05-28 01:20:31,856 : DEBUG --> ExÈcution du programme reussie !
2021-05-28 01:20:31,892 : ERROR --> Erreur lors de la recuperation des donnÈes: no such table: pass_data
2021-05-28 01:26:01,751 : DEBUG --> ExÈcution du programme reussie !
2021-05-28 01:26:01,789 : ERROR --> Erreur lors de la recuperation des donnÈes: no such table: pass_data
2021-05-28 01:28:43,669 : DEBUG --> ExÈcution du programme reussie !
2021-05-28 01:40:42,799 : DEBUG --> ExÈcution du programme reussie !
2021-05-28 01:40:42,842 : ERROR --> Erreur lors de la recuperation des donnÈes: no such table: pass_data
2021-06-18 10:35:11,633 : DEBUG --> Ex√©cution du programme reussie !
2021-06-18 10:36:20,085 : DEBUG --> Ex√©cution du programme reussie !
2021-06-18 12:07:45,264 : DEBUG --> Ex√©cution du programme reussie !
2021-06-18 12:10:03,769 : DEBUG --> Ex√©cution du programme reussie !
2021-06-18 12:11:13,661 : DEBUG --> Ex√©cution du programme reussie !
2021-06-18 12:11:13,664 : INFO --> Enregistrement Effectu√©e
2021-06-18 12:12:14,008 : DEBUG --> Ex√©cution du programme reussie !
2021-06-18 12:15:15,530 : DEBUG --> Ex√©cution du programme reussie !
2021-06-22 17:51:14,677 : DEBUG --> Ex√©cution du programme reussie !
2021-06-22 18:02:03,708 : DEBUG --> Ex√©cution du programme reussie !
2021-06-22 18:02:13,937 : DEBUG --> Ex√©cution du programme reussie !
2021-06-22 18:04:51,895 : DEBUG --> Ex√©cution du programme reussie !
2021-06-22 18:06:18,655 : DEBUG --> Ex√©cution du programme reussie !
2021-06-22 18:06:35,232 : DEBUG --> Ex√©cution du programme reussie !
2021-06-26 17:27:45,773 : DEBUG --> Ex√©cution du programme reussie !
2021-06-26 17:29:00,342 : DEBUG --> pickle loaded: /usr/lib/python3/dist-packages/jedi/third_party/typeshed/stdlib/2and3/builtins.pyi
2021-06-26 17:29:00,393 : DEBUG --> pickle loaded: /usr/lib/python3/dist-packages/jedi/third_party/typeshed/stdlib/3/sys.pyi
2021-06-26 17:32:52,550 : DEBUG --> Ex√©cution du programme reussie !
2021-06-26 17:33:30,319 : DEBUG --> Ex√©cution du programme reussie !
2021-06-26 17:33:54,323 : DEBUG --> Ex√©cution du programme reussie !
2021-06-26 17:35:41,037 : DEBUG --> Ex√©cution du programme reussie !
2021-06-26 17:36:13,901 : DEBUG --> Ex√©cution du programme reussie !
2021-07-01 19:24:09,382 : DEBUG --> Ex√©cution du programme reussie !
2021-07-02 16:50:41,485 : DEBUG --> Ex√©cution du programme reussie !
2021-07-02 17:23:18,357 : DEBUG --> Ex√©cution du programme reussie !
2021-07-02 17:25:33,847 : DEBUG --> Ex√©cution du programme reussie !
2021-07-02 17:26:22,357 : DEBUG --> Ex√©cution du programme reussie !
2021-07-02 20:08:40,694 : DEBUG --> Ex√©cution du programme reussie !
2021-07-05 00:06:20,963 : DEBUG --> Ex√©cution du programme reussie !
2021-07-05 00:15:03,908 : DEBUG --> Ex√©cution du programme reussie !
2021-07-05 00:33:38,357 : DEBUG --> Ex√©cution du programme reussie !
2021-07-05 19:48:20,802 : DEBUG --> Ex√©cution du programme reussie !
